android/app/build/intermediates/manifest_merge_blame_file/debug/manifest-merger-blame-debug-report.txt
1<?xml version="1.0" encoding="utf-8"?>
2<manifest xmlns:android="http://schemas.android.com/apk/res/android"
3    package="com.project"
4    android:versionCode="1"
5    android:versionName="1.0.0" >
6
7    <uses-sdk
8        android:minSdkVersion="21"
9        android:targetSdkVersion="30" />
10
11    <uses-permission android:name="android.permission.SYSTEM_ALERT_WINDOW" />
11-->src/main/AndroidManifest.xml:4:3-75
11-->src/main/AndroidManifest.xml:4:20-73
12    <uses-permission android:name="android.permission.INTERNET" />
12-->src/main/AndroidManifest.xml:2:3-64
12-->src/main/AndroidManifest.xml:2:20-62
13    <uses-permission android:name="android.permission.READ_EXTERNAL_STORAGE" />
13-->src/main/AndroidManifest.xml:3:3-77
13-->src/main/AndroidManifest.xml:3:20-75
14    <uses-permission android:name="android.permission.VIBRATE" />
14-->src/main/AndroidManifest.xml:5:3-63
14-->src/main/AndroidManifest.xml:5:20-61
15    <uses-permission android:name="android.permission.WRITE_EXTERNAL_STORAGE" />
15-->src/main/AndroidManifest.xml:6:3-78
15-->src/main/AndroidManifest.xml:6:20-76
16
17    <queries>
17-->src/main/AndroidManifest.xml:7:3-13:13
18        <intent>
18-->src/main/AndroidManifest.xml:8:5-12:14
19            <action android:name="android.intent.action.VIEW" />
19-->src/main/AndroidManifest.xml:9:7-58
19-->src/main/AndroidManifest.xml:9:15-56
20
21            <category android:name="android.intent.category.BROWSABLE" />
21-->src/main/AndroidManifest.xml:10:7-67
21-->src/main/AndroidManifest.xml:10:17-65
22
23            <data android:scheme="https" />
23-->src/main/AndroidManifest.xml:11:7-37
23-->src/main/AndroidManifest.xml:11:13-35
24        </intent>
25        <!-- Query open documents -->
26        <intent>
26-->[:expo-file-system] AndroidManifest.xml:19:9-21:18
27            <action android:name="android.intent.action.OPEN_DOCUMENT_TREE" />
27-->[:expo-file-system] AndroidManifest.xml:20:13-79
27-->[:expo-file-system] AndroidManifest.xml:20:21-76
28        </intent>
29        <intent>
29-->[:expo-web-browser] AndroidManifest.xml:12:9-16:18
30
31            <!-- Required for opening tabs if targeting API 30 -->
32            <action android:name="android.support.customtabs.action.CustomTabsService" />
32-->[:expo-web-browser] AndroidManifest.xml:15:13-90
32-->[:expo-web-browser] AndroidManifest.xml:15:21-87
33        </intent>
34    </queries>
35
36    <uses-permission android:name="android.permission.ACCESS_WIFI_STATE" />
36-->[com.facebook.flipper:flipper:0.54.0] AndroidManifest.xml:16:5-76
36-->[com.facebook.flipper:flipper:0.54.0] AndroidManifest.xml:16:22-73
37    <uses-permission android:name="com.google.android.finsky.permission.BIND_GET_INSTALL_REFERRER_SERVICE" />
37-->[com.android.installreferrer:installreferrer:1.0] AndroidManifest.xml:9:5-110
37-->[com.android.installreferrer:installreferrer:1.0] AndroidManifest.xml:9:22-107
38
39    <application
39-->src/main/AndroidManifest.xml:14:3-33:17
40        android:name="com.project.MainApplication"
40-->src/main/AndroidManifest.xml:14:16-47
41        android:allowBackup="true"
41-->src/main/AndroidManifest.xml:14:162-188
42        android:appComponentFactory="androidx.core.app.CoreComponentFactory"
42-->[androidx.core:core:1.3.0] AndroidManifest.xml:24:18-86
43        android:debuggable="true"
44        android:icon="@mipmap/ic_launcher"
44-->src/main/AndroidManifest.xml:14:81-115
45        android:label="@string/app_name"
45-->src/main/AndroidManifest.xml:14:48-80
46        android:roundIcon="@mipmap/ic_launcher_round"
46-->src/main/AndroidManifest.xml:14:116-161
47        android:theme="@style/AppTheme"
47-->src/main/AndroidManifest.xml:14:189-220
48        android:usesCleartextTraffic="true" >
48-->src/main/AndroidManifest.xml:14:221-256
49        <meta-data
49-->src/main/AndroidManifest.xml:15:5-82
50            android:name="expo.modules.updates.ENABLED"
50-->src/main/AndroidManifest.xml:15:16-59
51            android:value="true" />
51-->src/main/AndroidManifest.xml:15:60-80
52        <meta-data
52-->src/main/AndroidManifest.xml:16:5-93
53            android:name="expo.modules.updates.EXPO_SDK_VERSION"
53-->src/main/AndroidManifest.xml:16:16-68
54            android:value="44.0.0" />
54-->src/main/AndroidManifest.xml:16:69-91
55        <meta-data
55-->src/main/AndroidManifest.xml:17:5-105
56            android:name="expo.modules.updates.EXPO_UPDATES_CHECK_ON_LAUNCH"
56-->src/main/AndroidManifest.xml:17:16-80
57            android:value="ALWAYS" />
57-->src/main/AndroidManifest.xml:17:81-103
58        <meta-data
58-->src/main/AndroidManifest.xml:18:5-99
59            android:name="expo.modules.updates.EXPO_UPDATES_LAUNCH_WAIT_MS"
59-->src/main/AndroidManifest.xml:18:16-79
60            android:value="0" />
60-->src/main/AndroidManifest.xml:18:80-97
61
62        <activity
62-->src/main/AndroidManifest.xml:19:5-31:16
63            android:name="com.project.MainActivity"
63-->src/main/AndroidManifest.xml:19:15-43
64            android:configChanges="keyboard|keyboardHidden|orientation|screenSize|uiMode"
64-->src/main/AndroidManifest.xml:19:77-154
65            android:label="@string/app_name"
65-->src/main/AndroidManifest.xml:19:44-76
66            android:launchMode="singleTask"
66-->src/main/AndroidManifest.xml:19:155-186
67            android:screenOrientation="portrait"
67-->src/main/AndroidManifest.xml:19:276-312
68            android:theme="@style/Theme.App.SplashScreen"
68-->src/main/AndroidManifest.xml:19:230-275
69            android:windowSoftInputMode="adjustResize" >
69-->src/main/AndroidManifest.xml:19:187-229
70            <intent-filter>
70-->src/main/AndroidManifest.xml:20:7-23:23
71                <action android:name="android.intent.action.MAIN" />
71-->src/main/AndroidManifest.xml:21:9-60
71-->src/main/AndroidManifest.xml:21:17-58
72
73                <category android:name="android.intent.category.LAUNCHER" />
73-->src/main/AndroidManifest.xml:22:9-68
73-->src/main/AndroidManifest.xml:22:19-66
74            </intent-filter>
75            <intent-filter>
75-->src/main/AndroidManifest.xml:24:7-30:23
76                <action android:name="android.intent.action.VIEW" />
76-->src/main/AndroidManifest.xml:9:7-58
76-->src/main/AndroidManifest.xml:9:15-56
77
78                <category android:name="android.intent.category.DEFAULT" />
78-->src/main/AndroidManifest.xml:26:9-67
78-->src/main/AndroidManifest.xml:26:19-65
79                <category android:name="android.intent.category.BROWSABLE" />
79-->src/main/AndroidManifest.xml:10:7-67
79-->src/main/AndroidManifest.xml:10:17-65
80
81                <data android:scheme="myapp" />
81-->src/main/AndroidManifest.xml:11:7-37
81-->src/main/AndroidManifest.xml:11:13-35
82                <data android:scheme="com.project" />
82-->src/main/AndroidManifest.xml:11:7-37
82-->src/main/AndroidManifest.xml:11:13-35
83            </intent-filter>
84        </activity>
85        <activity android:name="com.facebook.react.devsupport.DevSettingsActivity" />
85-->src/main/AndroidManifest.xml:32:5-81
85-->src/main/AndroidManifest.xml:32:15-79
86
87        <provider
87-->[:expo-file-system] AndroidManifest.xml:25:9-34:20
88            android:name="expo.modules.filesystem.FileSystemFileProvider"
88-->[:expo-file-system] AndroidManifest.xml:26:13-74
89            android:authorities="com.project.FileSystemFileProvider"
89-->[:expo-file-system] AndroidManifest.xml:27:13-74
90            android:exported="false"
90-->[:expo-file-system] AndroidManifest.xml:28:13-37
91            android:grantUriPermissions="true" >
91-->[:expo-file-system] AndroidManifest.xml:29:13-47
92            <meta-data
92-->[:expo-file-system] AndroidManifest.xml:31:13-33:70
93                android:name="android.support.FILE_PROVIDER_PATHS"
93-->[:expo-file-system] AndroidManifest.xml:32:17-67
94                android:resource="@xml/file_system_provider_paths" />
94-->[:expo-file-system] AndroidManifest.xml:33:17-67
95        </provider>
96
97        <meta-data
97-->[:expo-modules-core] AndroidManifest.xml:12:9-14:89
98            android:name="org.unimodules.core.AppLoader#react-native-headless"
98-->[:expo-modules-core] AndroidManifest.xml:13:13-79
99            android:value="expo.modules.adapters.react.apploader.RNHeadlessAppLoader" />
99-->[:expo-modules-core] AndroidManifest.xml:14:13-86
100    </application>
101
102</manifest>